---BUILD---

Generating jar File
JAVA_HOME="C:\Program Files\Java\jdk1.8.0_202"
java -jar ANTEXECUTOR2.jar -t "C:\Program Files\Java\jdk1.8.0_202"\lib\tools.jar -f "C:\Trafalgar\middleware_22\trf-ib-middleware\Project_SG_IB\Wsdl_InternetBanking\Code\CTS\build.xml" "sign-archive" 
INIT Add class
File jar add->C:/Program Files/Java/jdk1.8.0_202/lib/tools.jar
/C:/Program%20Files/COBIS/COBIS%20Services%20Generator%204/Packager/Java/ANT/ANTEXECUTOR2.jar
/C:/Program%20Files/Java/jdk1.8.0_202/lib/tools.jar
END Add class
Buildfile: C:\Trafalgar\middleware_22\trf-ib-middleware\Project_SG_IB\Wsdl_InternetBanking\Code\CTS\build.xml
     [echo] Building C:\Trafalgar\middleware_22\trf-ib-middleware\Project_SG_IB\Wsdl_InternetBanking\Code\CTS\build.xml
     [echo] Version 1.0.0.0
clean:
classpath:
init:
    [mkdir] Created dir: C:\Trafalgar\middleware_22\trf-ib-middleware\Project_SG_IB\Wsdl_InternetBanking\Code\CTS\build\src
    [mkdir] Created dir: C:\Trafalgar\middleware_22\trf-ib-middleware\Project_SG_IB\Wsdl_InternetBanking\Code\CTS\build\classes
    [mkdir] Created dir: C:\Trafalgar\middleware_22\trf-ib-middleware\Project_SG_IB\Wsdl_InternetBanking\Code\CTS\build\dist
    [mkdir] Created dir: C:\Trafalgar\middleware_22\trf-ib-middleware\Project_SG_IB\Wsdl_InternetBanking\Code\CTS\build\cobertura\instrumented
prepare-impl:
    [mkdir] Created dir: C:\Trafalgar\middleware_22\trf-ib-middleware\Project_SG_IB\Wsdl_InternetBanking\Code\CTS\build\resources
     [copy] Copying 2 files to C:\Trafalgar\middleware_22\trf-ib-middleware\Project_SG_IB\Wsdl_InternetBanking\Code\CTS\build\src
     [copy] Copying 1 file to C:\Trafalgar\middleware_22\trf-ib-middleware\Project_SG_IB\Wsdl_InternetBanking\Code\CTS\build\resources
mark-version-impl:
     [echo] marking the version: 1.0.0.0
     [echo] using the dbprovider: DataSource
compile:
    [javac] Compiling 2 source files to C:\Trafalgar\middleware_22\trf-ib-middleware\Project_SG_IB\Wsdl_InternetBanking\Code\CTS\build\classes
FIN

--- [ERROR] ---

BUILD FAILED
C:\Trafalgar\middleware_22\trf-ib-middleware\Project_SG_IB\Wsdl_InternetBanking\Code\CTS\build.xml:7: C:\Trafalgar\middleware_22\trf-ib-middleware\Project_SG_IB\Wsdl_InternetBanking\Code\COBISCorp.eCOBIS.BankingServicesOperations.DTO\build\dist does not exist.
Total time: 0 seconds
