---CMD---

[WARNING] 
[WARNING] Some problems were encountered while building the effective settings
[WARNING] Unrecognised tag: 'blocked' (position: START_TAG seen ...</url>\r\n         <blocked>... @20:19)  @ C:\apache-maven-3.2.5\conf\settings.xml, line 20, column 19
[WARNING] 
[INFO] Scanning for projects...
[WARNING] 
[WARNING] Some problems were encountered while building the effective model for COBISCorp.eCOBIS.ServicioClientes.Service:COBISCorp.eCOBIS.ServicioClientes.Service:jar:1.0.0.0
[WARNING] 'dependencies.dependency.systemPath' for COBISCorp.eCOBIS.ClientesDTO.DTO:COBISCorp.eCOBIS.ClientesDTO.DTO:jar should use a variable instead of a hard-coded path C:/clientes/Code/CTS/COBISCorp.eCOBIS.ClientesDTO.DTO/build/dist/COBISCorp.eCOBIS.ClientesDTO.DTO-1.0.0.0.jar @ line 22, column 19
[WARNING] 'dependencies.dependency.systemPath' for com.cobiscorp.cobis.cwc:cobis-container-cts-rest:jar should use a variable instead of a hard-coded path C:/Program Files/COBIS/COBIS Services Generator 4/Packager/Java/Rest/cobis-container-cts-rest-2.0.1.jar @ line 36, column 19
[WARNING] 'dependencies.dependency.systemPath' for com.cobiscorp.cobis.container:cobis-osgi-jaxrs-connector:jar should use a variable instead of a hard-coded path C:/Program Files/COBIS/COBIS Services Generator 4/Packager/Java/Rest/cobis-osgi-jaxrs-connector-2.0.2.jar @ line 44, column 19
[WARNING] 'dependencies.dependency.systemPath' for com.cobiscorp.cobis.cts.integration:cts-integration-rest:jar should use a variable instead of a hard-coded path C:/Program Files/COBIS/COBIS Services Generator 4/Packager/Java/Rest/cts-integration-rest-2.0.2.jar @ line 52, column 19
[WARNING] 'dependencies.dependency.systemPath' for com.cobiscorp.cobis:cobis-log-util:jar should use a variable instead of a hard-coded path C:/Program Files/COBIS/COBIS Services Generator 4/Packager/Java/Rest/cobis-log-util-2.0.5.jar @ line 60, column 19
[WARNING] 'build.plugins.plugin.version' for org.apache.maven.plugins:maven-jar-plugin is missing. @ line 90, column 15
[WARNING] 
[WARNING] It is highly recommended to fix these problems because they threaten the stability of your build.
[WARNING] 
[WARNING] For this reason, future Maven versions might no longer support building such malformed projects.
[WARNING] 
[INFO]                                                                         
[INFO] ------------------------------------------------------------------------
[INFO] Building COBISCorp.eCOBIS.ServicioClientes.Service 1.0.0.0
[INFO] ------------------------------------------------------------------------
[INFO] 
[INFO] --- maven-clean-plugin:2.5:clean (default-clean) @ COBISCorp.eCOBIS.ServicioClientes.Service ---
[INFO] Deleting C:\clientes\Code\REST\COBISCorp.eCOBIS.ServicioClientes.Service.CWC\target
[INFO] 
[INFO] --- maven-remote-resources-plugin:1.5:process (2) @ COBISCorp.eCOBIS.ServicioClientes.Service ---
[INFO] 
[INFO] --- maven-resources-plugin:2.5:resources (default-resources) @ COBISCorp.eCOBIS.ServicioClientes.Service ---
[debug] execute contextualize
[INFO] Using 'UTF-8' encoding to copy filtered resources.
[INFO] skip non existing resourceDirectory C:\clientes\Code\REST\COBISCorp.eCOBIS.ServicioClientes.Service.CWC\src\main\resources
[INFO] 
[INFO] --- maven-compiler-plugin:3.5:compile (default-compile) @ COBISCorp.eCOBIS.ServicioClientes.Service ---
[INFO] Changes detected - recompiling the module!
[INFO] Compiling 2 source files to C:\clientes\Code\REST\COBISCorp.eCOBIS.ServicioClientes.Service.CWC\target\classes
[INFO] /C:/clientes/Code/REST/COBISCorp.eCOBIS.ServicioClientes.Service.CWC/src/main/java/cobiscorp/ecobis/servicioclientes/service/ObtenerClientesService.java: C:\clientes\Code\REST\COBISCorp.eCOBIS.ServicioClientes.Service.CWC\src\main\java\cobiscorp\ecobis\servicioclientes\service\ObtenerClientesService.java uses or overrides a deprecated API.
[INFO] /C:/clientes/Code/REST/COBISCorp.eCOBIS.ServicioClientes.Service.CWC/src/main/java/cobiscorp/ecobis/servicioclientes/service/ObtenerClientesService.java: Recompile with -Xlint:deprecation for details.
[INFO] Some messages have been simplified; recompile with -Xdiags:verbose to get full output
[INFO] -------------------------------------------------------------
[ERROR] COMPILATION ERROR : 
[INFO] -------------------------------------------------------------
[ERROR] /C:/clientes/Code/REST/COBISCorp.eCOBIS.ServicioClientes.Service.CWC/src/main/java/cobiscorp/ecobis/servicioclientes/service/ObtenerClientesService.java:[104,40] cannot find symbol
  symbol:   method set(cobiscorp.ecobis.clientesdto.dto.ClientesResponse)
  location: variable outClientesResponse of type cobiscorp.ecobis.clientesdto.dto.ClientesResponse
[ERROR] /C:/clientes/Code/REST/COBISCorp.eCOBIS.ServicioClientes.Service.CWC/src/main/java/cobiscorp/ecobis/servicioclientes/service/ObtenerClientesService.java:[126,40] cannot find symbol
  symbol:   method set(cobiscorp.ecobis.clientesdto.dto.Message)
  location: variable outClientesResponse of type cobiscorp.ecobis.clientesdto.dto.ClientesResponse
[ERROR] /C:/clientes/Code/REST/COBISCorp.eCOBIS.ServicioClientes.Service.CWC/src/main/java/cobiscorp/ecobis/servicioclientes/service/ObtenerClientesService.java:[150,40] cannot find symbol
  symbol:   method set(cobiscorp.ecobis.clientesdto.dto.DatosClientes)
  location: variable outClientesResponse of type cobiscorp.ecobis.clientesdto.dto.ClientesResponse
[ERROR] /C:/clientes/Code/REST/COBISCorp.eCOBIS.ServicioClientes.Service.CWC/src/main/java/cobiscorp/ecobis/servicioclientes/service/ObtenerClientesService.java:[163,49] incompatible types: inference variable T has incompatible bounds
    equality constraints: java.lang.String
    upper bounds: java.lang.Boolean,java.lang.Object
[INFO] 4 errors 
[INFO] -------------------------------------------------------------
[INFO] ------------------------------------------------------------------------
[INFO] BUILD FAILURE
[INFO] ------------------------------------------------------------------------
[INFO] Total time: 2.570 s
[INFO] Finished at: 2023-02-15T15:10:55-06:00
[INFO] Final Memory: 17M/184M
[INFO] ------------------------------------------------------------------------
[ERROR] Failed to execute goal org.apache.maven.plugins:maven-compiler-plugin:3.5:compile (default-compile) on project COBISCorp.eCOBIS.ServicioClientes.Service: Compilation failure: Compilation failure:
[ERROR] /C:/clientes/Code/REST/COBISCorp.eCOBIS.ServicioClientes.Service.CWC/src/main/java/cobiscorp/ecobis/servicioclientes/service/ObtenerClientesService.java:[104,40] cannot find symbol
[ERROR] symbol:   method set(cobiscorp.ecobis.clientesdto.dto.ClientesResponse)
[ERROR] location: variable outClientesResponse of type cobiscorp.ecobis.clientesdto.dto.ClientesResponse
[ERROR] /C:/clientes/Code/REST/COBISCorp.eCOBIS.ServicioClientes.Service.CWC/src/main/java/cobiscorp/ecobis/servicioclientes/service/ObtenerClientesService.java:[126,40] cannot find symbol
[ERROR] symbol:   method set(cobiscorp.ecobis.clientesdto.dto.Message)
[ERROR] location: variable outClientesResponse of type cobiscorp.ecobis.clientesdto.dto.ClientesResponse
[ERROR] /C:/clientes/Code/REST/COBISCorp.eCOBIS.ServicioClientes.Service.CWC/src/main/java/cobiscorp/ecobis/servicioclientes/service/ObtenerClientesService.java:[150,40] cannot find symbol
[ERROR] symbol:   method set(cobiscorp.ecobis.clientesdto.dto.DatosClientes)
[ERROR] location: variable outClientesResponse of type cobiscorp.ecobis.clientesdto.dto.ClientesResponse
[ERROR] /C:/clientes/Code/REST/COBISCorp.eCOBIS.ServicioClientes.Service.CWC/src/main/java/cobiscorp/ecobis/servicioclientes/service/ObtenerClientesService.java:[163,49] incompatible types: inference variable T has incompatible bounds
[ERROR] equality constraints: java.lang.String
[ERROR] upper bounds: java.lang.Boolean,java.lang.Object
[ERROR] -> [Help 1]
[ERROR] 
[ERROR] To see the full stack trace of the errors, re-run Maven with the -e switch.
[ERROR] Re-run Maven using the -X switch to enable full debug logging.
[ERROR] 
[ERROR] For more information about the errors and possible solutions, please read the following articles:
[ERROR] [Help 1] http://cwiki.apache.org/confluence/display/MAVEN/MojoFailureException
