---CMD---

[WARNING] 
[WARNING] Some problems were encountered while building the effective settings
[WARNING] Unrecognised tag: 'blocked' (position: START_TAG seen ...</url>\r\n         <blocked>... @20:19)  @ C:\apache-maven-3.2.5\conf\settings.xml, line 20, column 19
[WARNING] 
[INFO] Scanning for projects...
[WARNING] 
[WARNING] Some problems were encountered while building the effective model for COBISCorp.eCOBIS.ServicioClientes.Service.rest:COBISCorp.eCOBIS.ServicioClientes.Service-rest:jar:1.0.0.0
[WARNING] 'dependencies.dependency.systemPath' for COBISCorp.eCOBIS.ClientesDTO.DTO:COBISCorp.eCOBIS.ClientesDTO.DTO:jar should use a variable instead of a hard-coded path C:/clientes/Code/CTS/COBISCorp.eCOBIS.ClientesDTO.DTO/build/dist/COBISCorp.eCOBIS.ClientesDTO.DTO-1.0.0.0.jar @ line 24, column 19
[WARNING] 'dependencies.dependency.systemPath' for COBISCorp.eCOBIS.ServicioClientes.Service:COBISCorp.eCOBIS.ServicioClientes.Service:jar should not point at files within the project directory, ${project.basedir}/../COBISCorp.eCOBIS.ServicioClientes.Service.CWC/target/COBISCorp.eCOBIS.ServicioClientes.Service-1.0.0.0.jar will be unresolvable by dependent projects @ line 32, column 19
[WARNING] 'dependencies.dependency.systemPath' for com.cobiscorp.cobis:cobis-log-util:jar should use a variable instead of a hard-coded path C:/Program Files/COBIS/COBIS Services Generator 4/Packager/Java/Rest/cobis-log-util-2.0.5.jar @ line 64, column 19
[WARNING] 'dependencies.dependency.systemPath' for com.cobiscorp.cobis.cwc:cobis-container-api:jar should use a variable instead of a hard-coded path C:/Program Files/COBIS/COBIS Services Generator 4/Packager/Java/Rest/cobis-container-api-2.7.0.jar @ line 72, column 19
[WARNING] 'dependencies.dependency.systemPath' for com.cobiscorp.cobis.cts.integration:cts-integration-rest:jar should use a variable instead of a hard-coded path C:/Program Files/COBIS/COBIS Services Generator 4/Packager/Java/Rest/cts-integration-rest-2.0.2.jar @ line 80, column 19
[WARNING] 'build.plugins.plugin.version' for org.apache.maven.plugins:maven-jar-plugin is missing. @ line 110, column 15
[WARNING] 'dependencies.dependency.systemPath' for COBISCorp.eCOBIS.ServicioClientes.Service:COBISCorp.eCOBIS.ServicioClientes.Service:jar refers to a non-existing file C:\clientes\Code\REST\COBISCorp.eCOBIS.ServicioClientes.Service.Rest\..\COBISCorp.eCOBIS.ServicioClientes.Service.CWC\target\COBISCorp.eCOBIS.ServicioClientes.Service-1.0.0.0.jar @ line 32, column 19
[WARNING] 
[WARNING] It is highly recommended to fix these problems because they threaten the stability of your build.
[WARNING] 
[WARNING] For this reason, future Maven versions might no longer support building such malformed projects.
[WARNING] 
[INFO]                                                                         
[INFO] ------------------------------------------------------------------------
[INFO] Building COBISCorp.eCOBIS.ServicioClientes.Service-rest 1.0.0.0
[INFO] ------------------------------------------------------------------------
[INFO] ------------------------------------------------------------------------
[INFO] BUILD FAILURE
[INFO] ------------------------------------------------------------------------
[INFO] Total time: 0.478 s
[INFO] Finished at: 2023-02-15T15:10:57-06:00
[INFO] Final Memory: 10M/238M
[INFO] ------------------------------------------------------------------------
[ERROR] Failed to execute goal on project COBISCorp.eCOBIS.ServicioClientes.Service-rest: Could not resolve dependencies for project COBISCorp.eCOBIS.ServicioClientes.Service.rest:COBISCorp.eCOBIS.ServicioClientes.Service-rest:jar:1.0.0.0: Could not find artifact COBISCorp.eCOBIS.ServicioClientes.Service:COBISCorp.eCOBIS.ServicioClientes.Service:jar:1.0.0.0 at specified path C:\clientes\Code\REST\COBISCorp.eCOBIS.ServicioClientes.Service.Rest\..\COBISCorp.eCOBIS.ServicioClientes.Service.CWC\target\COBISCorp.eCOBIS.ServicioClientes.Service-1.0.0.0.jar -> [Help 1]
[ERROR] 
[ERROR] To see the full stack trace of the errors, re-run Maven with the -e switch.
[ERROR] Re-run Maven using the -X switch to enable full debug logging.
[ERROR] 
[ERROR] For more information about the errors and possible solutions, please read the following articles:
[ERROR] [Help 1] http://cwiki.apache.org/confluence/display/MAVEN/DependencyResolutionException
