---CMD---

[WARNING] 
[WARNING] Some problems were encountered while building the effective settings
[WARNING] Unrecognised tag: 'blocked' (position: START_TAG seen ...</url>\r\n         <blocked>... @20:19)  @ C:\apache-maven-3.2.5\conf\settings.xml, line 20, column 19
[WARNING] 
[INFO] Scanning for projects...
[WARNING] 
[WARNING] Some problems were encountered while building the effective model for COBISCorp.eCOBIS.ServiceContractOperations.Service.rest:COBISCorp.eCOBIS.ServiceContractOperations.Service-rest:jar:1.0.0.0
[WARNING] 'dependencies.dependency.systemPath' for COBISCorp.eCOBIS.DataContractOperations.DTO:COBISCorp.eCOBIS.DataContractOperations.DTO:jar should use a variable instead of a hard-coded path C:/WaltMart/ibMiddleware/wal-ib-middleware/Project_SG_IB/ApiOperartions/Code/CTS/COBISCorp.eCOBIS.DataContractOperations.DTO/build/dist/COBISCorp.eCOBIS.DataContractOperations.DTO-1.0.0.0.jar @ line 24, column 19
[WARNING] 'dependencies.dependency.systemPath' for COBISCorp.eCOBIS.ServiceContractOperations.Service:COBISCorp.eCOBIS.ServiceContractOperations.Service:jar should not point at files within the project directory, ${project.basedir}/../COBISCorp.eCOBIS.ServiceContractOperations.Service.CWC/target/COBISCorp.eCOBIS.ServiceContractOperations.Service-1.0.0.0.jar will be unresolvable by dependent projects @ line 32, column 19
[WARNING] 'dependencies.dependency.systemPath' for com.cobiscorp.cobis:cobis-log-util:jar should use a variable instead of a hard-coded path C:/Program Files/COBIS/COBIS Services Generator 4/Packager/Java/Rest/cobis-log-util-2.0.5.jar @ line 64, column 19
[WARNING] 'dependencies.dependency.systemPath' for com.cobiscorp.cobis.cwc:cobis-container-api:jar should use a variable instead of a hard-coded path C:/Program Files/COBIS/COBIS Services Generator 4/Packager/Java/Rest/cobis-container-api-2.7.0.jar @ line 72, column 19
[WARNING] 'dependencies.dependency.systemPath' for com.cobiscorp.cobis.cts.integration:cts-integration-rest:jar should use a variable instead of a hard-coded path C:/Program Files/COBIS/COBIS Services Generator 4/Packager/Java/Rest/cts-integration-rest-2.0.2.jar @ line 80, column 19
[WARNING] 'build.plugins.plugin.version' for org.apache.maven.plugins:maven-jar-plugin is missing. @ line 110, column 15
[WARNING] 
[WARNING] It is highly recommended to fix these problems because they threaten the stability of your build.
[WARNING] 
[WARNING] For this reason, future Maven versions might no longer support building such malformed projects.
[WARNING] 
[INFO]                                                                         
[INFO] ------------------------------------------------------------------------
[INFO] Building COBISCorp.eCOBIS.ServiceContractOperations.Service-rest 1.0.0.0
[INFO] ------------------------------------------------------------------------
[INFO] 
[INFO] --- maven-clean-plugin:2.5:clean (default-clean) @ COBISCorp.eCOBIS.ServiceContractOperations.Service-rest ---
[INFO] 
[INFO] --- maven-remote-resources-plugin:1.5:process (2) @ COBISCorp.eCOBIS.ServiceContractOperations.Service-rest ---
[INFO] 
[INFO] --- maven-resources-plugin:2.5:resources (default-resources) @ COBISCorp.eCOBIS.ServiceContractOperations.Service-rest ---
[debug] execute contextualize
[INFO] Using 'UTF-8' encoding to copy filtered resources.
[INFO] skip non existing resourceDirectory C:\WaltMart\ibMiddleware\wal-ib-middleware\Project_SG_IB\ApiOperartions\Code\REST\COBISCorp.eCOBIS.ServiceContractOperations.Service.Rest\src\main\resources
[INFO] 
[INFO] --- maven-compiler-plugin:3.5:compile (default-compile) @ COBISCorp.eCOBIS.ServiceContractOperations.Service-rest ---
[INFO] Changes detected - recompiling the module!
[INFO] Compiling 1 source file to C:\WaltMart\ibMiddleware\wal-ib-middleware\Project_SG_IB\ApiOperartions\Code\REST\COBISCorp.eCOBIS.ServiceContractOperations.Service.Rest\target\classes
[INFO] 
[INFO] --- com.springsource.bundlor.maven:1.0.0.RELEASE:bundlor (bundlor) @ COBISCorp.eCOBIS.ServiceContractOperations.Service-rest ---
Manifest written to 'C:\WaltMart\ibMiddleware\wal-ib-middleware\Project_SG_IB\ApiOperartions\Code\REST\COBISCorp.eCOBIS.ServiceContractOperations.Service.Rest\target\classes\META-INF\MANIFEST.MF'
[WARNING] Bundlor Warnings:
[WARNING]     The import of package cobiscorp.ecobis.datacontractoperations.dto does not specify a version
[WARNING]     The import of package cobiscorp.ecobis.servicecontractoperations.service does not specify a version
[WARNING]     The import of package com.cobiscorp.cobis.commons.log does not specify a version
[WARNING]     The import of package com.cobiscorp.cobis.cts.rest.client.api.exception does not specify a version
[WARNING]     The import of package javax.ws.rs does not specify a version
[WARNING]     The import of package javax.ws.rs.core does not specify a version
[INFO] 
[INFO] --- maven-scr-plugin:1.7.2:scr (generate-scr-scrdescriptor) @ COBISCorp.eCOBIS.ServiceContractOperations.Service-rest ---
[INFO] Writing abstract service descriptor C:\WaltMart\ibMiddleware\wal-ib-middleware\Project_SG_IB\ApiOperartions\Code\REST\COBISCorp.eCOBIS.ServiceContractOperations.Service.Rest\target\scr-plugin-generated\OSGI-INF\scr-plugin\scrinfo.xml with 1 entries.
[INFO] Generating 1 Service Component Descriptors to C:\WaltMart\ibMiddleware\wal-ib-middleware\Project_SG_IB\ApiOperartions\Code\REST\COBISCorp.eCOBIS.ServiceContractOperations.Service.Rest\target\scr-plugin-generated\OSGI-INF\serviceComponents.xml
[INFO] 
[INFO] --- maven-resources-plugin:2.5:testResources (default-testResources) @ COBISCorp.eCOBIS.ServiceContractOperations.Service-rest ---
[debug] execute contextualize
[INFO] Using 'UTF-8' encoding to copy filtered resources.
[INFO] skip non existing resourceDirectory C:\WaltMart\ibMiddleware\wal-ib-middleware\Project_SG_IB\ApiOperartions\Code\REST\COBISCorp.eCOBIS.ServiceContractOperations.Service.Rest\src\test\resources
[INFO] 
[INFO] --- maven-compiler-plugin:3.5:testCompile (default-testCompile) @ COBISCorp.eCOBIS.ServiceContractOperations.Service-rest ---
[INFO] No sources to compile
[INFO] 
[INFO] --- maven-surefire-plugin:2.12.4:test (default-test) @ COBISCorp.eCOBIS.ServiceContractOperations.Service-rest ---
[INFO] No tests to run.
[INFO] 
[INFO] --- maven-replacer-plugin:1.3.8:replace (default) @ COBISCorp.eCOBIS.ServiceContractOperations.Service-rest ---
[INFO] Replacement run on 2 files.
[INFO] 
[INFO] --- maven-resources-plugin:2.5:copy-resources (copy-resources) @ COBISCorp.eCOBIS.ServiceContractOperations.Service-rest ---
[debug] execute contextualize
[INFO] Using 'UTF-8' encoding to copy filtered resources.
[INFO] Copying 2 resources
[INFO] 
[INFO] --- maven-jar-plugin:2.4:jar (default-jar) @ COBISCorp.eCOBIS.ServiceContractOperations.Service-rest ---
[INFO] Building jar: C:\WaltMart\ibMiddleware\wal-ib-middleware\Project_SG_IB\ApiOperartions\Code\REST\COBISCorp.eCOBIS.ServiceContractOperations.Service.Rest\target\COBISCorp.eCOBIS.ServiceContractOperations.Service-rest-1.0.0.0.jar
[INFO] 
[INFO] --- maven-javadoc-plugin:2.8:jar (attach-javadocs) @ COBISCorp.eCOBIS.ServiceContractOperations.Service-rest ---
[INFO] 
Loading source files for package cobiscorp.ecobis.servicecontractoperations.service.rest...
Constructing Javadoc information...
Standard Doclet version 1.8.0_202
Building tree for all the packages and classes...
Generating C:\WaltMart\ibMiddleware\wal-ib-middleware\Project_SG_IB\ApiOperartions\Code\REST\COBISCorp.eCOBIS.ServiceContractOperations.Service.Rest\target\apidocs\cobiscorp\ecobis\servicecontractoperations\service\rest\ServiceContractOperationsApiRest.html...
Generating C:\WaltMart\ibMiddleware\wal-ib-middleware\Project_SG_IB\ApiOperartions\Code\REST\COBISCorp.eCOBIS.ServiceContractOperations.Service.Rest\target\apidocs\cobiscorp\ecobis\servicecontractoperations\service\rest\package-frame.html...
Generating C:\WaltMart\ibMiddleware\wal-ib-middleware\Project_SG_IB\ApiOperartions\Code\REST\COBISCorp.eCOBIS.ServiceContractOperations.Service.Rest\target\apidocs\cobiscorp\ecobis\servicecontractoperations\service\rest\package-summary.html...
Generating C:\WaltMart\ibMiddleware\wal-ib-middleware\Project_SG_IB\ApiOperartions\Code\REST\COBISCorp.eCOBIS.ServiceContractOperations.Service.Rest\target\apidocs\cobiscorp\ecobis\servicecontractoperations\service\rest\package-tree.html...
Generating C:\WaltMart\ibMiddleware\wal-ib-middleware\Project_SG_IB\ApiOperartions\Code\REST\COBISCorp.eCOBIS.ServiceContractOperations.Service.Rest\target\apidocs\constant-values.html...
Generating C:\WaltMart\ibMiddleware\wal-ib-middleware\Project_SG_IB\ApiOperartions\Code\REST\COBISCorp.eCOBIS.ServiceContractOperations.Service.Rest\target\apidocs\cobiscorp\ecobis\servicecontractoperations\service\rest\class-use\ServiceContractOperationsApiRest.html...
Generating C:\WaltMart\ibMiddleware\wal-ib-middleware\Project_SG_IB\ApiOperartions\Code\REST\COBISCorp.eCOBIS.ServiceContractOperations.Service.Rest\target\apidocs\cobiscorp\ecobis\servicecontractoperations\service\rest\package-use.html...
Building index for all the packages and classes...
Generating C:\WaltMart\ibMiddleware\wal-ib-middleware\Project_SG_IB\ApiOperartions\Code\REST\COBISCorp.eCOBIS.ServiceContractOperations.Service.Rest\target\apidocs\overview-tree.html...
Generating C:\WaltMart\ibMiddleware\wal-ib-middleware\Project_SG_IB\ApiOperartions\Code\REST\COBISCorp.eCOBIS.ServiceContractOperations.Service.Rest\target\apidocs\index-all.html...
Generating C:\WaltMart\ibMiddleware\wal-ib-middleware\Project_SG_IB\ApiOperartions\Code\REST\COBISCorp.eCOBIS.ServiceContractOperations.Service.Rest\target\apidocs\deprecated-list.html...
Building index for all classes...
Generating C:\WaltMart\ibMiddleware\wal-ib-middleware\Project_SG_IB\ApiOperartions\Code\REST\COBISCorp.eCOBIS.ServiceContractOperations.Service.Rest\target\apidocs\allclasses-frame.html...
Generating C:\WaltMart\ibMiddleware\wal-ib-middleware\Project_SG_IB\ApiOperartions\Code\REST\COBISCorp.eCOBIS.ServiceContractOperations.Service.Rest\target\apidocs\allclasses-noframe.html...
Generating C:\WaltMart\ibMiddleware\wal-ib-middleware\Project_SG_IB\ApiOperartions\Code\REST\COBISCorp.eCOBIS.ServiceContractOperations.Service.Rest\target\apidocs\index.html...
Generating C:\WaltMart\ibMiddleware\wal-ib-middleware\Project_SG_IB\ApiOperartions\Code\REST\COBISCorp.eCOBIS.ServiceContractOperations.Service.Rest\target\apidocs\help-doc.html...
[INFO] Building jar: C:\WaltMart\ibMiddleware\wal-ib-middleware\Project_SG_IB\ApiOperartions\Code\REST\COBISCorp.eCOBIS.ServiceContractOperations.Service.Rest\target\COBISCorp.eCOBIS.ServiceContractOperations.Service-rest-1.0.0.0-javadoc.jar
[INFO] 
[INFO] >>> maven-javadoc-plugin:2.8:javadoc (javadoc) > generate-sources @ COBISCorp.eCOBIS.ServiceContractOperations.Service-rest >>>
[INFO] 
[INFO] <<< maven-javadoc-plugin:2.8:javadoc (javadoc) < generate-sources @ COBISCorp.eCOBIS.ServiceContractOperations.Service-rest <<<
[INFO] 
[INFO] --- maven-javadoc-plugin:2.8:javadoc (javadoc) @ COBISCorp.eCOBIS.ServiceContractOperations.Service-rest ---
[INFO] 
Loading source files for package cobiscorp.ecobis.servicecontractoperations.service.rest...
Constructing Javadoc information...
Standard Doclet version 1.8.0_202
Building tree for all the packages and classes...
Generating C:\WaltMart\ibMiddleware\wal-ib-middleware\Project_SG_IB\ApiOperartions\Code\REST\COBISCorp.eCOBIS.ServiceContractOperations.Service.Rest\target\site\apidocs\cobiscorp\ecobis\servicecontractoperations\service\rest\ServiceContractOperationsApiRest.html...
Generating C:\WaltMart\ibMiddleware\wal-ib-middleware\Project_SG_IB\ApiOperartions\Code\REST\COBISCorp.eCOBIS.ServiceContractOperations.Service.Rest\target\site\apidocs\cobiscorp\ecobis\servicecontractoperations\service\rest\package-frame.html...
Generating C:\WaltMart\ibMiddleware\wal-ib-middleware\Project_SG_IB\ApiOperartions\Code\REST\COBISCorp.eCOBIS.ServiceContractOperations.Service.Rest\target\site\apidocs\cobiscorp\ecobis\servicecontractoperations\service\rest\package-summary.html...
Generating C:\WaltMart\ibMiddleware\wal-ib-middleware\Project_SG_IB\ApiOperartions\Code\REST\COBISCorp.eCOBIS.ServiceContractOperations.Service.Rest\target\site\apidocs\cobiscorp\ecobis\servicecontractoperations\service\rest\package-tree.html...
Generating C:\WaltMart\ibMiddleware\wal-ib-middleware\Project_SG_IB\ApiOperartions\Code\REST\COBISCorp.eCOBIS.ServiceContractOperations.Service.Rest\target\site\apidocs\constant-values.html...
Generating C:\WaltMart\ibMiddleware\wal-ib-middleware\Project_SG_IB\ApiOperartions\Code\REST\COBISCorp.eCOBIS.ServiceContractOperations.Service.Rest\target\site\apidocs\cobiscorp\ecobis\servicecontractoperations\service\rest\class-use\ServiceContractOperationsApiRest.html...
Generating C:\WaltMart\ibMiddleware\wal-ib-middleware\Project_SG_IB\ApiOperartions\Code\REST\COBISCorp.eCOBIS.ServiceContractOperations.Service.Rest\target\site\apidocs\cobiscorp\ecobis\servicecontractoperations\service\rest\package-use.html...
Building index for all the packages and classes...
Generating C:\WaltMart\ibMiddleware\wal-ib-middleware\Project_SG_IB\ApiOperartions\Code\REST\COBISCorp.eCOBIS.ServiceContractOperations.Service.Rest\target\site\apidocs\overview-tree.html...
Generating C:\WaltMart\ibMiddleware\wal-ib-middleware\Project_SG_IB\ApiOperartions\Code\REST\COBISCorp.eCOBIS.ServiceContractOperations.Service.Rest\target\site\apidocs\index-all.html...
Generating C:\WaltMart\ibMiddleware\wal-ib-middleware\Project_SG_IB\ApiOperartions\Code\REST\COBISCorp.eCOBIS.ServiceContractOperations.Service.Rest\target\site\apidocs\deprecated-list.html...
Building index for all classes...
Generating C:\WaltMart\ibMiddleware\wal-ib-middleware\Project_SG_IB\ApiOperartions\Code\REST\COBISCorp.eCOBIS.ServiceContractOperations.Service.Rest\target\site\apidocs\allclasses-frame.html...
Generating C:\WaltMart\ibMiddleware\wal-ib-middleware\Project_SG_IB\ApiOperartions\Code\REST\COBISCorp.eCOBIS.ServiceContractOperations.Service.Rest\target\site\apidocs\allclasses-noframe.html...
Generating C:\WaltMart\ibMiddleware\wal-ib-middleware\Project_SG_IB\ApiOperartions\Code\REST\COBISCorp.eCOBIS.ServiceContractOperations.Service.Rest\target\site\apidocs\index.html...
Generating C:\WaltMart\ibMiddleware\wal-ib-middleware\Project_SG_IB\ApiOperartions\Code\REST\COBISCorp.eCOBIS.ServiceContractOperations.Service.Rest\target\site\apidocs\help-doc.html...
[INFO] 
[INFO] --- maven-javadoc-plugin:2.8:jar (javadoc) @ COBISCorp.eCOBIS.ServiceContractOperations.Service-rest ---
[INFO] 
Loading source files for package cobiscorp.ecobis.servicecontractoperations.service.rest...
Constructing Javadoc information...
Standard Doclet version 1.8.0_202
Building tree for all the packages and classes...
Generating C:\WaltMart\ibMiddleware\wal-ib-middleware\Project_SG_IB\ApiOperartions\Code\REST\COBISCorp.eCOBIS.ServiceContractOperations.Service.Rest\target\apidocs\cobiscorp\ecobis\servicecontractoperations\service\rest\ServiceContractOperationsApiRest.html...
Generating C:\WaltMart\ibMiddleware\wal-ib-middleware\Project_SG_IB\ApiOperartions\Code\REST\COBISCorp.eCOBIS.ServiceContractOperations.Service.Rest\target\apidocs\cobiscorp\ecobis\servicecontractoperations\service\rest\package-frame.html...
Generating C:\WaltMart\ibMiddleware\wal-ib-middleware\Project_SG_IB\ApiOperartions\Code\REST\COBISCorp.eCOBIS.ServiceContractOperations.Service.Rest\target\apidocs\cobiscorp\ecobis\servicecontractoperations\service\rest\package-summary.html...
Generating C:\WaltMart\ibMiddleware\wal-ib-middleware\Project_SG_IB\ApiOperartions\Code\REST\COBISCorp.eCOBIS.ServiceContractOperations.Service.Rest\target\apidocs\cobiscorp\ecobis\servicecontractoperations\service\rest\package-tree.html...
Generating C:\WaltMart\ibMiddleware\wal-ib-middleware\Project_SG_IB\ApiOperartions\Code\REST\COBISCorp.eCOBIS.ServiceContractOperations.Service.Rest\target\apidocs\constant-values.html...
Generating C:\WaltMart\ibMiddleware\wal-ib-middleware\Project_SG_IB\ApiOperartions\Code\REST\COBISCorp.eCOBIS.ServiceContractOperations.Service.Rest\target\apidocs\cobiscorp\ecobis\servicecontractoperations\service\rest\class-use\ServiceContractOperationsApiRest.html...
Generating C:\WaltMart\ibMiddleware\wal-ib-middleware\Project_SG_IB\ApiOperartions\Code\REST\COBISCorp.eCOBIS.ServiceContractOperations.Service.Rest\target\apidocs\cobiscorp\ecobis\servicecontractoperations\service\rest\package-use.html...
Building index for all the packages and classes...
Generating C:\WaltMart\ibMiddleware\wal-ib-middleware\Project_SG_IB\ApiOperartions\Code\REST\COBISCorp.eCOBIS.ServiceContractOperations.Service.Rest\target\apidocs\overview-tree.html...
Generating C:\WaltMart\ibMiddleware\wal-ib-middleware\Project_SG_IB\ApiOperartions\Code\REST\COBISCorp.eCOBIS.ServiceContractOperations.Service.Rest\target\apidocs\index-all.html...
Generating C:\WaltMart\ibMiddleware\wal-ib-middleware\Project_SG_IB\ApiOperartions\Code\REST\COBISCorp.eCOBIS.ServiceContractOperations.Service.Rest\target\apidocs\deprecated-list.html...
Building index for all classes...
Generating C:\WaltMart\ibMiddleware\wal-ib-middleware\Project_SG_IB\ApiOperartions\Code\REST\COBISCorp.eCOBIS.ServiceContractOperations.Service.Rest\target\apidocs\allclasses-frame.html...
Generating C:\WaltMart\ibMiddleware\wal-ib-middleware\Project_SG_IB\ApiOperartions\Code\REST\COBISCorp.eCOBIS.ServiceContractOperations.Service.Rest\target\apidocs\allclasses-noframe.html...
Generating C:\WaltMart\ibMiddleware\wal-ib-middleware\Project_SG_IB\ApiOperartions\Code\REST\COBISCorp.eCOBIS.ServiceContractOperations.Service.Rest\target\apidocs\index.html...
Generating C:\WaltMart\ibMiddleware\wal-ib-middleware\Project_SG_IB\ApiOperartions\Code\REST\COBISCorp.eCOBIS.ServiceContractOperations.Service.Rest\target\apidocs\help-doc.html...
[INFO] Building jar: C:\WaltMart\ibMiddleware\wal-ib-middleware\Project_SG_IB\ApiOperartions\Code\REST\COBISCorp.eCOBIS.ServiceContractOperations.Service.Rest\target\COBISCorp.eCOBIS.ServiceContractOperations.Service-rest-1.0.0.0-javadoc.jar
[INFO] 
[INFO] --- maven-jarsigner-plugin:1.2:sign (sign) @ COBISCorp.eCOBIS.ServiceContractOperations.Service-rest ---
[INFO] 3 archive(s) processed
[INFO] 
[INFO] >>> maven-pmd-plugin:3.1:check (check) > :pmd @ COBISCorp.eCOBIS.ServiceContractOperations.Service-rest >>>
[INFO] 
[INFO] --- maven-pmd-plugin:3.1:pmd (pmd) @ COBISCorp.eCOBIS.ServiceContractOperations.Service-rest ---
[INFO] ------------------------------------------------------------------------
[INFO] BUILD FAILURE
[INFO] ------------------------------------------------------------------------
[INFO] Total time: 13.876 s
[INFO] Finished at: 2023-02-14T17:33:10-06:00
[INFO] Final Memory: 29M/301M
[INFO] ------------------------------------------------------------------------
[ERROR] Failed to execute goal org.apache.maven.plugins:maven-pmd-plugin:3.1:pmd (pmd) on project COBISCorp.eCOBIS.ServiceContractOperations.Service-rest: Execution pmd of goal org.apache.maven.plugins:maven-pmd-plugin:3.1:pmd failed: org.apache.maven.reporting.MavenReportException: Could not find resource 'C:\WaltMart\ibMiddleware\wal-ib-middleware\Project_SG_IB\ApiOperartions\Code\REST\COBISCorp.eCOBIS.ServiceContractOperations.Service.Rest\target/cobis-pdm-rules-v2.xml'. -> [Help 1]
[ERROR] 
[ERROR] To see the full stack trace of the errors, re-run Maven with the -e switch.
[ERROR] Re-run Maven using the -X switch to enable full debug logging.
[ERROR] 
[ERROR] For more information about the errors and possible solutions, please read the following articles:
[ERROR] [Help 1] http://cwiki.apache.org/confluence/display/MAVEN/PluginExecutionException
