---BUILD---

Generating jar File
JAVA_HOME="C:\Program Files\Java\jdk1.8.0_202"
java -jar ANTEXECUTOR2.jar -t "C:\Program Files\Java\jdk1.8.0_202"\lib\tools.jar -f "C:\WaltMart\ibMiddleware\wal-ib-middleware\Project_SG_IB\ApiOperartions\Code\CTS\COBISCorp.eCOBIS.DataContractOperations.DTO\build.xml" "sign-archive" 
INIT Add class
File jar add->C:/Program Files/Java/jdk1.8.0_202/lib/tools.jar
/C:/Program%20Files/COBIS/COBIS%20Services%20Generator%204/Packager/Java/ANT/ANTEXECUTOR2.jar
/C:/Program%20Files/Java/jdk1.8.0_202/lib/tools.jar
END Add class
Buildfile: C:\WaltMart\ibMiddleware\wal-ib-middleware\Project_SG_IB\ApiOperartions\Code\CTS\COBISCorp.eCOBIS.DataContractOperations.DTO\build.xml
     [echo] Building C:\WaltMart\ibMiddleware\wal-ib-middleware\Project_SG_IB\ApiOperartions\Code\CTS\COBISCorp.eCOBIS.DataContractOperations.DTO\build.xml
     [echo] Version 1.0.0.0
clean:
   [delete] Deleting directory C:\WaltMart\ibMiddleware\wal-ib-middleware\Project_SG_IB\ApiOperartions\Code\CTS\COBISCorp.eCOBIS.DataContractOperations.DTO\build
classpath:
init:
    [mkdir] Created dir: C:\WaltMart\ibMiddleware\wal-ib-middleware\Project_SG_IB\ApiOperartions\Code\CTS\COBISCorp.eCOBIS.DataContractOperations.DTO\build\src
    [mkdir] Created dir: C:\WaltMart\ibMiddleware\wal-ib-middleware\Project_SG_IB\ApiOperartions\Code\CTS\COBISCorp.eCOBIS.DataContractOperations.DTO\build\classes
    [mkdir] Created dir: C:\WaltMart\ibMiddleware\wal-ib-middleware\Project_SG_IB\ApiOperartions\Code\CTS\COBISCorp.eCOBIS.DataContractOperations.DTO\build\dist
    [mkdir] Created dir: C:\WaltMart\ibMiddleware\wal-ib-middleware\Project_SG_IB\ApiOperartions\Code\CTS\COBISCorp.eCOBIS.DataContractOperations.DTO\build\cobertura\instrumented
prepare-dto:
    [mkdir] Created dir: C:\WaltMart\ibMiddleware\wal-ib-middleware\Project_SG_IB\ApiOperartions\Code\CTS\COBISCorp.eCOBIS.DataContractOperations.DTO\build\resources
     [copy] Copying 177 files to C:\WaltMart\ibMiddleware\wal-ib-middleware\Project_SG_IB\ApiOperartions\Code\CTS\COBISCorp.eCOBIS.DataContractOperations.DTO\build\src
     [copy] Copying 179 files to C:\WaltMart\ibMiddleware\wal-ib-middleware\Project_SG_IB\ApiOperartions\Code\CTS\COBISCorp.eCOBIS.DataContractOperations.DTO\build\src
mark-version-impl:
     [echo] marking the version: 1.0.0.0
     [echo] using the dbprovider: DataSource
compile:
    [javac] Compiling 177 source files to C:\WaltMart\ibMiddleware\wal-ib-middleware\Project_SG_IB\ApiOperartions\Code\CTS\COBISCorp.eCOBIS.DataContractOperations.DTO\build\classes
    [javac] Compiling 179 source files to C:\WaltMart\ibMiddleware\wal-ib-middleware\Project_SG_IB\ApiOperartions\Code\CTS\COBISCorp.eCOBIS.DataContractOperations.DTO\build\classes
archive-impl-lib-create:
    [mkdir] Created dir: C:\WaltMart\ibMiddleware\wal-ib-middleware\Project_SG_IB\ApiOperartions\Code\CTS\COBISCorp.eCOBIS.DataContractOperations.DTO\build\classes\OSGI-INF\lib
archive-impl-lib-copy:
archive-cts-dto:
      [jar] Building jar: C:\WaltMart\ibMiddleware\wal-ib-middleware\Project_SG_IB\ApiOperartions\Code\CTS\COBISCorp.eCOBIS.DataContractOperations.DTO\build\dist\COBISCorp.eCOBIS.DataContractOperations.DTO-1.0.0.0.jar
archive:
sign-archive:
  [signjar] Signing JAR: C:\WaltMart\ibMiddleware\wal-ib-middleware\Project_SG_IB\ApiOperartions\Code\CTS\COBISCorp.eCOBIS.DataContractOperations.DTO\build\dist\COBISCorp.eCOBIS.DataContractOperations.DTO-1.0.0.0.jar to C:\WaltMart\ibMiddleware\wal-ib-middleware\Project_SG_IB\ApiOperartions\Code\CTS\COBISCorp.eCOBIS.DataContractOperations.DTO\build\dist\COBISCorp.eCOBIS.DataContractOperations.DTO-1.0.0.0.jar as cobis
  [signjar] jar signed.
  [signjar] 
  [signjar] Warning: 
  [signjar] The signer's certificate is self-signed.
  [signjar] Enter Passphrase for keystore: Enter key password for cobis: 
BUILD SUCCESSFUL
<<<<<<< .mine
Total time: 21 seconds
=======
Total time: 9 seconds
>>>>>>> .theirs
Total time: 7 seconds
FIN
