---CMD---

generate.cmd 
JAVA_HOME="C:\Program Files\Java\jdk1.8.0_202"
C:\Trafalgar\middleware_22\trf-ib-middleware\Project_SG_IB\Wsdl_InternetBanking\Code\WS\COBISCorp.eCOBIS.BankingServicesOperation.DTO\webapp\wsdl\cobiscorp.ecobis.bankingservicesoperation.dto.enc
C:\Trafalgar\middleware_22\trf-ib-middleware\Project_SG_IB\Wsdl_InternetBanking\Code\WS\COBISCorp.eCOBIS.BankingServicesOperation.DTO\webapp\wsdl\cobiscorp.ecobis.bankingservicesoperation.dto.xsd
2 archivo(s) copiado(s)
C:\Trafalgar\middleware_22\trf-ib-middleware\Project_SG_IB\Wsdl_InternetBanking\Code\WS\COBISCorp.eCOBIS.BankingServicesOperatinons.Service\build\src\cobiscorp\ecobis\bankingservicesoperatinons\service\impl\InterbankWireReceptionServiceWS.java
C:\Trafalgar\middleware_22\trf-ib-middleware\Project_SG_IB\Wsdl_InternetBanking\Code\WS\COBISCorp.eCOBIS.BankingServicesOperatinons.Service\build\src\cobiscorp\ecobis\bankingservicesoperatinons\service\security\COBISSecurityManager.java
C:\Trafalgar\middleware_22\trf-ib-middleware\Project_SG_IB\Wsdl_InternetBanking\Code\WS\COBISCorp.eCOBIS.BankingServicesOperatinons.Service\build\src\cobiscorp\ecobis\bankingservicesoperatinons\service\security\SessionSecurityKey.java
C:\Trafalgar\middleware_22\trf-ib-middleware\Project_SG_IB\Wsdl_InternetBanking\Code\WS\COBISCorp.eCOBIS.BankingServicesOperatinons.Service\build\src\cobiscorp\ecobis\util\Util.java
4 archivo(s) copiado(s)
analizando WSDL...
Generando código...
C:\Trafalgar\middleware_22\trf-ib-middleware\Project_SG_IB\Wsdl_InternetBanking\Code\WS\COBISCorp.eCOBIS.BankingServicesOperatinons.Service\ICustomCode.java
1 archivo(s) copiado(s)
C:\Trafalgar\middleware_22\trf-ib-middleware\Project_SG_IB\Wsdl_InternetBanking\Code\WS\COBISCorp.eCOBIS.BankingServicesOperatinons.Service\ICustomAuthentication.java
1 archivo(s) copiado(s)

---BUILD---

Generating jar File
JAVA_HOME="C:\Program Files\Java\jdk1.8.0_202"
java -jar ANTEXECUTOR2.jar -t "C:\Program Files\Java\jdk1.8.0_202"\lib\tools.jar -f "C:\Trafalgar\middleware_22\trf-ib-middleware\Project_SG_IB\Wsdl_InternetBanking\Code\WS\COBISCorp.eCOBIS.BankingServicesOperatinons.Service\build.xml" "create-war" 
INIT Add class
File jar add->C:/Program Files/Java/jdk1.8.0_202/lib/tools.jar
/C:/Program%20Files/COBIS/COBIS%20Services%20Generator%204/Packager/Java/ANT/ANTEXECUTOR2.jar
/C:/Program%20Files/Java/jdk1.8.0_202/lib/tools.jar
END Add class
Buildfile: C:\Trafalgar\middleware_22\trf-ib-middleware\Project_SG_IB\Wsdl_InternetBanking\Code\WS\COBISCorp.eCOBIS.BankingServicesOperatinons.Service\build.xml
clean:
   [delete] Deleting directory C:\Trafalgar\middleware_22\trf-ib-middleware\Project_SG_IB\Wsdl_InternetBanking\Code\WS\COBISCorp.eCOBIS.BankingServicesOperatinons.Service\build
setup:
    [mkdir] Created dir: C:\Trafalgar\middleware_22\trf-ib-middleware\Project_SG_IB\Wsdl_InternetBanking\Code\WS\COBISCorp.eCOBIS.BankingServicesOperatinons.Service\build
    [mkdir] Created dir: C:\Trafalgar\middleware_22\trf-ib-middleware\Project_SG_IB\Wsdl_InternetBanking\Code\WS\COBISCorp.eCOBIS.BankingServicesOperatinons.Service\build\classes
    [mkdir] Created dir: C:\Trafalgar\middleware_22\trf-ib-middleware\Project_SG_IB\Wsdl_InternetBanking\Code\WS\COBISCorp.eCOBIS.BankingServicesOperatinons.Service\build\dist
classpath:
compile:
     [echo] Using Java version 1.8.
    [javac] Compiling 27 source files to C:\Trafalgar\middleware_22\trf-ib-middleware\Project_SG_IB\Wsdl_InternetBanking\Code\WS\COBISCorp.eCOBIS.BankingServicesOperatinons.Service\build\classes
    [javac] Note: C:\Trafalgar\middleware_22\trf-ib-middleware\Project_SG_IB\Wsdl_InternetBanking\Code\WS\COBISCorp.eCOBIS.BankingServicesOperatinons.Service\src\cobiscorp\ecobis\bankingservicesoperatinons\service\impl\InterbankWireReceptionServiceWS.java uses unchecked or unsafe operations.
    [javac] Note: Recompile with -Xlint:unchecked for details.
create-war:
      [war] Building war: C:\Trafalgar\middleware_22\trf-ib-middleware\Project_SG_IB\Wsdl_InternetBanking\Code\WS\COBISCorp.eCOBIS.BankingServicesOperatinons.Service\build\dist\COBISCorp.eCOBIS.BankingServicesOperatinons.Service.war
BUILD SUCCESSFUL
Total time: 5 seconds
FIN
